Virtual User Script started at : 2024-10-28 11:12:56
TruClient Replay (build 0035) for LoadRunner Professional 2022.2.0, build 0381. OS: Windows 10, Browser: TruClient Browser 101.0.0.0, initialized on 2024/10/28 at 11:12:56 (1730110376,419s)

Running Vuser...
Starting iteration 1.
t=00003098ms: Step 4: Navigate to "https://www.advantageon...shopping.com/#/" started    [MsgId: MMSG-205180]
t=00005778ms: Step 4: Navigate to https://www.advantageonlineshopping.com/#/ successfully completed with End Event "Step network completed"    [MsgId: MMSG-205180]
t=00006294ms: Step 6: Click on button (1) button started    [MsgId: MMSG-205180]
t=00009176ms: Step 6: Click on button (1) button successfully completed with End Event "Step network completed"    [MsgId: MMSG-205180]
t=00009715ms: Step 7: Click on username textbox started    [MsgId: MMSG-205180]
t=00013081ms: Step 7: Click on username textbox successfully completed with End Event "Step network completed"    [MsgId: MMSG-205180]
t=00013620ms: Step 8: Type mercury in username textbox started    [MsgId: MMSG-205180]
t=00018702ms: Step 8: Type mercury in username textbox successfully completed with End Event "Action completed"    [MsgId: MMSG-205180]
t=00019226ms: Step 9: Click on Password label started    [MsgId: MMSG-205180]
t=00022359ms: Step 9: Click on Password label successfully completed with End Event "Step network completed"    [MsgId: MMSG-205180]
t=00022887ms: Step 10: Type ******* in PasswordPassword passwordbox started    [MsgId: MMSG-205180]
t=00026286ms: Step 10: Type ******* in PasswordPassword passwordbox successfully completed with End Event "Action completed"    [MsgId: MMSG-205180]
t=00026807ms: Step 11: Click on SIGN IN button started    [MsgId: MMSG-205180]
t=00029877ms: Step 11: Click on SIGN IN button successfully completed with End Event "Step network completed"    [MsgId: MMSG-205180]
t=00030402ms: Step 12: Click on CloseDark  started    [MsgId: MMSG-205180]
t=00034076ms: Step 12: Click on CloseDark  successfully completed with End Event "Step network completed"    [MsgId: MMSG-205180]
t=00034638ms: Step 13: Click on HelpLink JavaScript link started    [MsgId: MMSG-205180]
t=00038033ms: Step 13: Click on HelpLink JavaScript link successfully completed with End Event "Step network completed"    [MsgId: MMSG-205180]
t=00038561ms: Step 14: Click on About label started    [MsgId: MMSG-205180]
t=00041013ms: Step 14: Click on About label successfully completed with End Event "Step network completed"    [MsgId: MMSG-205180]
t=00041549ms: Step 16: Click on button (2) button started    [MsgId: MMSG-205180]
t=00043977ms: Step 16: Click on button (2) button successfully completed with End Event "Step network completed"    [MsgId: MMSG-205180]
t=00044486ms: Step 17: Click on AOS Versions label started    [MsgId: MMSG-205180]
t=00045867ms: Step 17: Click on AOS Versions label successfully completed with End Event "Step network completed"    [MsgId: MMSG-205180]
t=00046394ms: Step 18: Click on VERSION 3.3 JavaScript link started    [MsgId: MMSG-205180]
t=00049021ms: Step 18: Click on VERSION 3.3 JavaScript link successfully completed with End Event "Step network completed"    [MsgId: MMSG-205180]
t=00049533ms: Step 19: Click on VERSION 3.3 label started    [MsgId: MMSG-205180]
t=00052033ms: Step 19: Click on VERSION 3.3 label successfully completed with End Event "Step network completed"    [MsgId: MMSG-205180]
Ending iteration 1.
Ending Vuser...
Vuser Terminated.
