[08:17:58.95] Debug: Running build Release_24.3.0_838 on windows
[08:17:58.96] Info: Starting initialize.
[08:17:58.96] Info: Ending initialize.
[08:17:58.96] Info: Starting iteration 1.
[08:17:58.96] Debug: Parameter userID (sequential) is taken from row 1
[08:17:58.96] Debug: Parameter Substitution: 'userID = Mercury'	(./main.js:16:37)
[08:17:58.96] Debug: Parameter userPWD (same as userID) is taken from row 1
[08:17:58.96] Debug: Parameter Substitution: 'userPWD = Mercury'	(./main.js:16:61)
[08:17:58.96] Info: Using: [Mercury : Mercury]	(./main.js:16:10)
[08:17:58.96] Info: Transaction 'AOS_landing_page' started.	(./main.js:18:9)
[08:17:58.97] Info: WebRequest [Id: 1] 'https://www.advantageonlineshopping.com/' registered to send (sync).	(./main.js:59:8)
[08:17:58.97] Trace: Request [Id: 1] 'https://www.advantageonlineshopping.com/': 
GET / HTTP/1.1
Host: www.advantageonlineshopping.com
User-Agent: Mozilla/5.0 (Windows NT 6.1; Win64; x64) AppleWebKit/537.36 (KHTML, like Gecko) Chrome/63.0.3239.132 Safari/537.36
Accept: text/html,application/xhtml+xml,application/xml;q=0.9,image/webp,image/apng,*/*;q=0.8
Accept-Encoding: gzip, deflate
Accept-Language: en-US,en;q=0.9
Upgrade-Insecure-Requests: 1


[08:17:58.97] Debug: Request [Id: 1]: GET 'https://www.advantageonlineshopping.com/' started.
[08:17:59.01] Trace: Request [Id: 1]: Connecting tcp socket to host 54.227.55.203:443.
[08:17:59.12] Trace: Request [Id: 1]: Connection to host 54.227.55.203:443 done.
[08:17:59.40] Trace: TLS session version: 1.2 cipher: TLS_ECDHE_RSA_WITH_AES_256_GCM_SHA384
[08:17:59.40] Trace: Request [Id: 1]: New connection from 192.168.178.50:10729 to 54.227.55.203:443 in 107 ms.
[08:17:59.53] Debug: Request [Id: 1]: GET 'https://www.advantageonlineshopping.com/' done. Status 200 OK. HTTP/2.0
[08:17:59.53] Trace: Response 'https://www.advantageonlineshopping.com/': 
HTTP/2.0 200 OK
Connection: close
Accept-Ranges: bytes
Cache-Control: max-age=0
Content-Encoding: gzip
Content-Type: text/html
Date: Tue, 10 Sep 2024 06:17:59 GMT
Etag: W/"11120-1723632370000"
Expires: Tue, 10 Sep 2024 06:17:59 GMT
Last-Modified: Wed, 14 Aug 2024 10:46:10 GMT
Server: nginx/1.18.0 (Ubuntu)
Strict-Transport-Security: max-age=31536000; includeSubDomains; preload
Vary: accept-encoding


[08:17:59.54] Trace: Request [Id: 1.5] 'http://www.advantageonlineshopping.com/services.properties': 
GET /services.properties HTTP/1.1
Host: www.advantageonlineshopping.com
User-Agent: Mozilla/5.0 (Windows NT 6.1; Win64; x64) AppleWebKit/537.36 (KHTML, like Gecko) Chrome/63.0.3239.132 Safari/537.36
Accept: text/html,application/xhtml+xml,application/xml;q=0.9,image/webp,image/apng,*/*;q=0.8
Accept-Encoding: gzip, deflate
Accept-Language: en-US,en;q=0.9
Referer: https://www.advantageonlineshopping.com/
Upgrade-Insecure-Requests: 1


[08:17:59.54] Trace: Request [Id: 1.2] 'http://www.advantageonlineshopping.com/css/images/Down_arrow.svg': 
GET /css/images/Down_arrow.svg HTTP/1.1
Host: www.advantageonlineshopping.com
User-Agent: Mozilla/5.0 (Windows NT 6.1; Win64; x64) AppleWebKit/537.36 (KHTML, like Gecko) Chrome/63.0.3239.132 Safari/537.36
Accept: text/html,application/xhtml+xml,application/xml;q=0.9,image/webp,image/apng,*/*;q=0.8
Accept-Encoding: gzip, deflate
Accept-Language: en-US,en;q=0.9
Referer: https://www.advantageonlineshopping.com/
Upgrade-Insecure-Requests: 1


[08:17:59.54] Debug: Request [Id: 1.2]: GET 'http://www.advantageonlineshopping.com/css/images/Down_arrow.svg' started.
[08:17:59.54] Trace: Request [Id: 1.10] 'http://www.advantageonlineshopping.com/catalog/api/v1/categories': 
GET /catalog/api/v1/categories HTTP/1.1
Host: www.advantageonlineshopping.com
User-Agent: Mozilla/5.0 (Windows NT 6.1; Win64; x64) AppleWebKit/537.36 (KHTML, like Gecko) Chrome/63.0.3239.132 Safari/537.36
Accept: text/html,application/xhtml+xml,application/xml;q=0.9,image/webp,image/apng,*/*;q=0.8
Accept-Encoding: gzip, deflate
Accept-Language: en-US,en;q=0.9
Referer: https://www.advantageonlineshopping.com/
Upgrade-Insecure-Requests: 1


[08:17:59.54] Trace: Request [Id: 1.17] 'http://www.advantageonlineshopping.com/css/images/twitter.png': 
GET /css/images/twitter.png HTTP/1.1
Host: www.advantageonlineshopping.com
User-Agent: Mozilla/5.0 (Windows NT 6.1; Win64; x64) AppleWebKit/537.36 (KHTML, like Gecko) Chrome/63.0.3239.132 Safari/537.36
Accept: text/html,application/xhtml+xml,application/xml;q=0.9,image/webp,image/apng,*/*;q=0.8
Accept-Encoding: gzip, deflate
Accept-Language: en-US,en;q=0.9
Referer: https://www.advantageonlineshopping.com/
Upgrade-Insecure-Requests: 1


[08:17:59.54] Trace: Request [Id: 1.6] 'http://www.advantageonlineshopping.com/catalog/api/v1/categories/all_data': 
GET /catalog/api/v1/categories/all_data HTTP/1.1
Host: www.advantageonlineshopping.com
User-Agent: Mozilla/5.0 (Windows NT 6.1; Win64; x64) AppleWebKit/537.36 (KHTML, like Gecko) Chrome/63.0.3239.132 Safari/537.36
Accept: text/html,application/xhtml+xml,application/xml;q=0.9,image/webp,image/apng,*/*;q=0.8
Accept-Encoding: gzip, deflate
Accept-Language: en-US,en;q=0.9
Referer: https://www.advantageonlineshopping.com/
Upgrade-Insecure-Requests: 1


[08:17:59.54] Trace: Request [Id: 1.4] 'http://www.advantageonlineshopping.com/main.min.js': 
GET /main.min.js HTTP/1.1
Host: www.advantageonlineshopping.com
User-Agent: Mozilla/5.0 (Windows NT 6.1; Win64; x64) AppleWebKit/537.36 (KHTML, like Gecko) Chrome/63.0.3239.132 Safari/537.36
Accept: text/html,application/xhtml+xml,application/xml;q=0.9,image/webp,image/apng,*/*;q=0.8
Accept-Encoding: gzip, deflate
Accept-Language: en-US,en;q=0.9
Referer: https://www.advantageonlineshopping.com/
Upgrade-Insecure-Requests: 1


[08:17:59.54] Trace: Request [Id: 1.18] 'http://www.advantageonlineshopping.com/css/images/linkedin.png': 
GET /css/images/linkedin.png HTTP/1.1
Host: www.advantageonlineshopping.com
User-Agent: Mozilla/5.0 (Windows NT 6.1; Win64; x64) AppleWebKit/537.36 (KHTML, like Gecko) Chrome/63.0.3239.132 Safari/537.36
Accept: text/html,application/xhtml+xml,application/xml;q=0.9,image/webp,image/apng,*/*;q=0.8
Accept-Encoding: gzip, deflate
Accept-Language: en-US,en;q=0.9
Referer: https://www.advantageonlineshopping.com/
Upgrade-Insecure-Requests: 1


[08:17:59.54] Trace: Request [Id: 1.19] 'http://www.advantageonlineshopping.com/css/images/Banner1.jpg': 
GET /css/images/Banner1.jpg HTTP/1.1
Host: www.advantageonlineshopping.com
User-Agent: Mozilla/5.0 (Windows NT 6.1; Win64; x64) AppleWebKit/537.36 (KHTML, like Gecko) Chrome/63.0.3239.132 Safari/537.36
Accept: text/html,application/xhtml+xml,application/xml;q=0.9,image/webp,image/apng,*/*;q=0.8
Accept-Encoding: gzip, deflate
Accept-Language: en-US,en;q=0.9
Referer: https://www.advantageonlineshopping.com/
Upgrade-Insecure-Requests: 1


[08:17:59.54] Trace: Request [Id: 1.14] 'http://www.advantageonlineshopping.com/css/images/Special-offer.jpg': 
GET /css/images/Special-offer.jpg HTTP/1.1
Host: www.advantageonlineshopping.com
User-Agent: Mozilla/5.0 (Windows NT 6.1; Win64; x64) AppleWebKit/537.36 (KHTML, like Gecko) Chrome/63.0.3239.132 Safari/537.36
Accept: text/html,application/xhtml+xml,application/xml;q=0.9,image/webp,image/apng,*/*;q=0.8
Accept-Encoding: gzip, deflate
Accept-Language: en-US,en;q=0.9
Referer: https://www.advantageonlineshopping.com/
Upgrade-Insecure-Requests: 1


[08:17:59.54] Debug: Request [Id: 1.10]: GET 'http://www.advantageonlineshopping.com/catalog/api/v1/categories' started.
[08:17:59.54] Trace: Request [Id: 1.15] 'http://www.advantageonlineshopping.com/css/images/chat_logo.png': 
GET /css/images/chat_logo.png HTTP/1.1
Host: www.advantageonlineshopping.com
User-Agent: Mozilla/5.0 (Windows NT 6.1; Win64; x64) AppleWebKit/537.36 (KHTML, like Gecko) Chrome/63.0.3239.132 Safari/537.36
Accept: text/html,application/xhtml+xml,application/xml;q=0.9,image/webp,image/apng,*/*;q=0.8
Accept-Encoding: gzip, deflate
Accept-Language: en-US,en;q=0.9
Referer: https://www.advantageonlineshopping.com/
Upgrade-Insecure-Requests: 1


[08:17:59.54] Trace: Request [Id: 1.7] 'http://www.advantageonlineshopping.com/catalog/api/v1/DemoAppConfig/parameters/by_tool/ALL': 
GET /catalog/api/v1/DemoAppConfig/parameters/by_tool/ALL HTTP/1.1
Host: www.advantageonlineshopping.com
User-Agent: Mozilla/5.0 (Windows NT 6.1; Win64; x64) AppleWebKit/537.36 (KHTML, like Gecko) Chrome/63.0.3239.132 Safari/537.36
Accept: text/html,application/xhtml+xml,application/xml;q=0.9,image/webp,image/apng,*/*;q=0.8
Accept-Encoding: gzip, deflate
Accept-Language: en-US,en;q=0.9
Referer: https://www.advantageonlineshopping.com/
Upgrade-Insecure-Requests: 1


[08:17:59.54] Debug: Request [Id: 1.5]: GET 'http://www.advantageonlineshopping.com/services.properties' started.
[08:17:59.54] Debug: Request [Id: 1.4]: GET 'http://www.advantageonlineshopping.com/main.min.js' started.
[08:17:59.54] Trace: Request [Id: 1.3] 'http://www.advantageonlineshopping.com/vendor/requirejs/require.js': 
GET /vendor/requirejs/require.js HTTP/1.1
Host: www.advantageonlineshopping.com
User-Agent: Mozilla/5.0 (Windows NT 6.1; Win64; x64) AppleWebKit/537.36 (KHTML, like Gecko) Chrome/63.0.3239.132 Safari/537.36
Accept: text/html,application/xhtml+xml,application/xml;q=0.9,image/webp,image/apng,*/*;q=0.8
Accept-Encoding: gzip, deflate
Accept-Language: en-US,en;q=0.9
Referer: https://www.advantageonlineshopping.com/
Upgrade-Insecure-Requests: 1


[08:17:59.54] Debug: Request [Id: 1.19]: GET 'http://www.advantageonlineshopping.com/css/images/Banner1.jpg' started.
[08:17:59.54] Trace: Request [Id: 1.8] 'http://www.advantageonlineshopping.com/css/images/logo.png': 
GET /css/images/logo.png HTTP/1.1
Host: www.advantageonlineshopping.com
User-Agent: Mozilla/5.0 (Windows NT 6.1; Win64; x64) AppleWebKit/537.36 (KHTML, like Gecko) Chrome/63.0.3239.132 Safari/537.36
Accept: text/html,application/xhtml+xml,application/xml;q=0.9,image/webp,image/apng,*/*;q=0.8
Accept-Encoding: gzip, deflate
Accept-Language: en-US,en;q=0.9
Referer: https://www.advantageonlineshopping.com/
Upgrade-Insecure-Requests: 1


[08:17:59.54] Trace: Request [Id: 1.20] 'http://www.advantageonlineshopping.com/css/images/Banner2.jpg': 
GET /css/images/Banner2.jpg HTTP/1.1
Host: www.advantageonlineshopping.com
User-Agent: Mozilla/5.0 (Windows NT 6.1; Win64; x64) AppleWebKit/537.36 (KHTML, like Gecko) Chrome/63.0.3239.132 Safari/537.36
Accept: text/html,application/xhtml+xml,application/xml;q=0.9,image/webp,image/apng,*/*;q=0.8
Accept-Encoding: gzip, deflate
Accept-Language: en-US,en;q=0.9
Referer: https://www.advantageonlineshopping.com/
Upgrade-Insecure-Requests: 1


[08:17:59.54] Debug: Request [Id: 1.18]: GET 'http://www.advantageonlineshopping.com/css/images/linkedin.png' started.
[08:17:59.54] Trace: Request [Id: 1.16] 'http://www.advantageonlineshopping.com/css/images/facebook.png': 
GET /css/images/facebook.png HTTP/1.1
Host: www.advantageonlineshopping.com
User-Agent: Mozilla/5.0 (Windows NT 6.1; Win64; x64) AppleWebKit/537.36 (KHTML, like Gecko) Chrome/63.0.3239.132 Safari/537.36
Accept: text/html,application/xhtml+xml,application/xml;q=0.9,image/webp,image/apng,*/*;q=0.8
Accept-Encoding: gzip, deflate
Accept-Language: en-US,en;q=0.9
Referer: https://www.advantageonlineshopping.com/
Upgrade-Insecure-Requests: 1


[08:17:59.54] Trace: Request [Id: 1.4]: Connecting tcp socket to host 54.227.55.203:80.
[08:17:59.54] Trace: Request [Id: 1.11] 'http://www.advantageonlineshopping.com/catalog/api/v1/deals/search?dealOfTheDay=true': 
GET /catalog/api/v1/deals/search?dealOfTheDay=true HTTP/1.1
Host: www.advantageonlineshopping.com
User-Agent: Mozilla/5.0 (Windows NT 6.1; Win64; x64) AppleWebKit/537.36 (KHTML, like Gecko) Chrome/63.0.3239.132 Safari/537.36
Accept: text/html,application/xhtml+xml,application/xml;q=0.9,image/webp,image/apng,*/*;q=0.8
Accept-Encoding: gzip, deflate
Accept-Language: en-US,en;q=0.9
Referer: https://www.advantageonlineshopping.com/
Upgrade-Insecure-Requests: 1


[08:17:59.54] Trace: Request [Id: 1.1] 'http://www.advantageonlineshopping.com/css/main.min.css': 
GET /css/main.min.css HTTP/1.1
Host: www.advantageonlineshopping.com
User-Agent: Mozilla/5.0 (Windows NT 6.1; Win64; x64) AppleWebKit/537.36 (KHTML, like Gecko) Chrome/63.0.3239.132 Safari/537.36
Accept: text/html,application/xhtml+xml,application/xml;q=0.9,image/webp,image/apng,*/*;q=0.8
Accept-Encoding: gzip, deflate
Accept-Language: en-US,en;q=0.9
Referer: https://www.advantageonlineshopping.com/
Upgrade-Insecure-Requests: 1


[08:17:59.54] Trace: Request [Id: 1.12] 'http://www.advantageonlineshopping.com/css/images/arrow_right.png': 
GET /css/images/arrow_right.png HTTP/1.1
Host: www.advantageonlineshopping.com
User-Agent: Mozilla/5.0 (Windows NT 6.1; Win64; x64) AppleWebKit/537.36 (KHTML, like Gecko) Chrome/63.0.3239.132 Safari/537.36
Accept: text/html,application/xhtml+xml,application/xml;q=0.9,image/webp,image/apng,*/*;q=0.8
Accept-Encoding: gzip, deflate
Accept-Language: en-US,en;q=0.9
Referer: https://www.advantageonlineshopping.com/
Upgrade-Insecure-Requests: 1


[08:17:59.54] Trace: Request [Id: 1.13] 'http://www.advantageonlineshopping.com/css/images/GoUp.png': 
GET /css/images/GoUp.png HTTP/1.1
Host: www.advantageonlineshopping.com
User-Agent: Mozilla/5.0 (Windows NT 6.1; Win64; x64) AppleWebKit/537.36 (KHTML, like Gecko) Chrome/63.0.3239.132 Safari/537.36
Accept: text/html,application/xhtml+xml,application/xml;q=0.9,image/webp,image/apng,*/*;q=0.8
Accept-Encoding: gzip, deflate
Accept-Language: en-US,en;q=0.9
Referer: https://www.advantageonlineshopping.com/
Upgrade-Insecure-Requests: 1


[08:17:59.54] Debug: Request [Id: 1.17]: GET 'http://www.advantageonlineshopping.com/css/images/twitter.png' started.
[08:17:59.54] Trace: Request [Id: 1.21] 'http://www.advantageonlineshopping.com/css/images/Banner3.jpg': 
GET /css/images/Banner3.jpg HTTP/1.1
Host: www.advantageonlineshopping.com
User-Agent: Mozilla/5.0 (Windows NT 6.1; Win64; x64) AppleWebKit/537.36 (KHTML, like Gecko) Chrome/63.0.3239.132 Safari/537.36
Accept: text/html,application/xhtml+xml,application/xml;q=0.9,image/webp,image/apng,*/*;q=0.8
Accept-Encoding: gzip, deflate
Accept-Language: en-US,en;q=0.9
Referer: https://www.advantageonlineshopping.com/
Upgrade-Insecure-Requests: 1


[08:17:59.54] Trace: Request [Id: 1.2]: Connecting tcp socket to host 54.227.55.203:80.
[08:17:59.54] Debug: Request [Id: 1.11]: GET 'http://www.advantageonlineshopping.com/catalog/api/v1/deals/search?dealOfTheDay=true' started.
[08:17:59.54] Debug: Request [Id: 1.1]: GET 'http://www.advantageonlineshopping.com/css/main.min.css' started.
[08:17:59.54] Debug: Request [Id: 1.12]: GET 'http://www.advantageonlineshopping.com/css/images/arrow_right.png' started.
[08:17:59.54] Trace: Request [Id: 1.22] 'http://www.advantageonlineshopping.com/css/images/Popular-item3.jpg': 
GET /css/images/Popular-item3.jpg HTTP/1.1
Host: www.advantageonlineshopping.com
User-Agent: Mozilla/5.0 (Windows NT 6.1; Win64; x64) AppleWebKit/537.36 (KHTML, like Gecko) Chrome/63.0.3239.132 Safari/537.36
Accept: text/html,application/xhtml+xml,application/xml;q=0.9,image/webp,image/apng,*/*;q=0.8
Accept-Encoding: gzip, deflate
Accept-Language: en-US,en;q=0.9
Referer: https://www.advantageonlineshopping.com/
Upgrade-Insecure-Requests: 1


[08:17:59.54] Trace: Request [Id: 1.24] 'http://www.advantageonlineshopping.com/css/images/Popular-item1.jpg': 
GET /css/images/Popular-item1.jpg HTTP/1.1
Host: www.advantageonlineshopping.com
User-Agent: Mozilla/5.0 (Windows NT 6.1; Win64; x64) AppleWebKit/537.36 (KHTML, like Gecko) Chrome/63.0.3239.132 Safari/537.36
Accept: text/html,application/xhtml+xml,application/xml;q=0.9,image/webp,image/apng,*/*;q=0.8
Accept-Encoding: gzip, deflate
Accept-Language: en-US,en;q=0.9
Referer: https://www.advantageonlineshopping.com/
Upgrade-Insecure-Requests: 1


[08:17:59.54] Debug: Request [Id: 1.6]: GET 'http://www.advantageonlineshopping.com/catalog/api/v1/categories/all_data' started.
[08:17:59.54] Trace: Request [Id: 1.9] 'http://www.advantageonlineshopping.com/css/images/closeDark.png': 
GET /css/images/closeDark.png HTTP/1.1
Host: www.advantageonlineshopping.com
User-Agent: Mozilla/5.0 (Windows NT 6.1; Win64; x64) AppleWebKit/537.36 (KHTML, like Gecko) Chrome/63.0.3239.132 Safari/537.36
Accept: text/html,application/xhtml+xml,application/xml;q=0.9,image/webp,image/apng,*/*;q=0.8
Accept-Encoding: gzip, deflate
Accept-Language: en-US,en;q=0.9
Referer: https://www.advantageonlineshopping.com/
Upgrade-Insecure-Requests: 1


[08:17:59.54] Debug: Request [Id: 1.22]: GET 'http://www.advantageonlineshopping.com/css/images/Popular-item3.jpg' started.
[08:17:59.54] Debug: Request [Id: 1.14]: GET 'http://www.advantageonlineshopping.com/css/images/Special-offer.jpg' started.
[08:17:59.54] Debug: Request [Id: 1.8]: GET 'http://www.advantageonlineshopping.com/css/images/logo.png' started.
[08:17:59.54] Debug: Request [Id: 1.20]: GET 'http://www.advantageonlineshopping.com/css/images/Banner2.jpg' started.
[08:17:59.54] Trace: Request [Id: 1.5]: Connecting tcp socket to host 54.227.55.203:80.
[08:17:59.54] Trace: Request [Id: 1.18]: Connecting tcp socket to host 54.227.55.203:80.
[08:17:59.54] Debug: Request [Id: 1.16]: GET 'http://www.advantageonlineshopping.com/css/images/facebook.png' started.
[08:17:59.54] Trace: Request [Id: 1.19]: Connecting tcp socket to host 54.227.55.203:80.
[08:17:59.54] Debug: Request [Id: 1.9]: GET 'http://www.advantageonlineshopping.com/css/images/closeDark.png' started.
[08:17:59.54] Debug: Request [Id: 1.15]: GET 'http://www.advantageonlineshopping.com/css/images/chat_logo.png' started.
[08:17:59.54] Debug: Request [Id: 1.13]: GET 'http://www.advantageonlineshopping.com/css/images/GoUp.png' started.
[08:17:59.54] Debug: Request [Id: 1.7]: GET 'http://www.advantageonlineshopping.com/catalog/api/v1/DemoAppConfig/parameters/by_tool/ALL' started.
[08:17:59.54] Debug: Request [Id: 1.21]: GET 'http://www.advantageonlineshopping.com/css/images/Banner3.jpg' started.
[08:17:59.54] Debug: Request [Id: 1.3]: GET 'http://www.advantageonlineshopping.com/vendor/requirejs/require.js' started.
[08:17:59.54] Debug: Request [Id: 1.24]: GET 'http://www.advantageonlineshopping.com/css/images/Popular-item1.jpg' started.
[08:17:59.54] Trace: Request [Id: 1.10]: Connecting tcp socket to host 54.227.55.203:80.
[08:17:59.54] Trace: Request [Id: 1.23] 'http://www.advantageonlineshopping.com/css/images/Popular-item2.jpg': 
GET /css/images/Popular-item2.jpg HTTP/1.1
Host: www.advantageonlineshopping.com
User-Agent: Mozilla/5.0 (Windows NT 6.1; Win64; x64) AppleWebKit/537.36 (KHTML, like Gecko) Chrome/63.0.3239.132 Safari/537.36
Accept: text/html,application/xhtml+xml,application/xml;q=0.9,image/webp,image/apng,*/*;q=0.8
Accept-Encoding: gzip, deflate
Accept-Language: en-US,en;q=0.9
Referer: https://www.advantageonlineshopping.com/
Upgrade-Insecure-Requests: 1


[08:17:59.54] Debug: Request [Id: 1.23]: GET 'http://www.advantageonlineshopping.com/css/images/Popular-item2.jpg' started.
[08:17:59.65] Trace: Request [Id: 1.2]: Connection to host 54.227.55.203:80 done.
[08:17:59.65] Trace: Request [Id: 1.2]: New connection from 192.168.178.50:10731 to 54.227.55.203:80 in 107 ms.
[08:17:59.65] Trace: Request [Id: 1.18]: Connection to host 54.227.55.203:80 done.
[08:17:59.65] Trace: Request [Id: 1.18]: New connection from 192.168.178.50:10733 to 54.227.55.203:80 in 109 ms.
[08:17:59.65] Trace: Request [Id: 1.10]: Connection to host 54.227.55.203:80 done.
[08:17:59.65] Trace: Request [Id: 1.10]: New connection from 192.168.178.50:10736 to 54.227.55.203:80 in 111 ms.
[08:17:59.65] Trace: Request [Id: 1.19]: Connection to host 54.227.55.203:80 done.
[08:17:59.65] Trace: Request [Id: 1.4]: Connection to host 54.227.55.203:80 done.
[08:17:59.65] Trace: Request [Id: 1.19]: New connection from 192.168.178.50:10735 to 54.227.55.203:80 in 112 ms.
[08:17:59.65] Trace: Request [Id: 1.5]: Connection to host 54.227.55.203:80 done.
[08:17:59.65] Trace: Request [Id: 1.4]: New connection from 192.168.178.50:10734 to 54.227.55.203:80 in 112 ms.
[08:17:59.65] Trace: Request [Id: 1.5]: New connection from 192.168.178.50:10732 to 54.227.55.203:80 in 112 ms.
[08:17:59.76] Debug: Request [Id: 1.2]: GET 'http://www.advantageonlineshopping.com/css/images/Down_arrow.svg' done. Status 200 . HTTP/1.1
[08:17:59.76] Trace: Response 'http://www.advantageonlineshopping.com/css/images/Down_arrow.svg': 
HTTP/1.1 200 
Content-Length: 795
Accept-Ranges: bytes
Cache-Control: max-age=864000
Connection: keep-alive
Content-Type: image/svg+xml
Date: Tue, 10 Sep 2024 06:17:59 GMT
Etag: W/"795-1723632370000"
Expires: Fri, 20 Sep 2024 06:17:59 GMT
Last-Modified: Wed, 14 Aug 2024 10:46:10 GMT
Server: nginx/1.18.0 (Ubuntu)


[08:17:59.76] Trace: Request [Id: 1.17]: Using existing connection from 192.168.178.50:10731 to 54.227.55.203:80.
[08:17:59.76] Debug: Request [Id: 1.18]: GET 'http://www.advantageonlineshopping.com/css/images/linkedin.png' done. Status 200 . HTTP/1.1
[08:17:59.76] Debug: Request [Id: 1.5]: GET 'http://www.advantageonlineshopping.com/services.properties' done. Status 200 . HTTP/1.1
[08:17:59.76] Debug: Request [Id: 1.19]: GET 'http://www.advantageonlineshopping.com/css/images/Banner1.jpg' done. Status 200 . HTTP/1.1
[08:17:59.76] Trace: Response 'http://www.advantageonlineshopping.com/css/images/linkedin.png': 
HTTP/1.1 200 
Content-Length: 1707
Accept-Ranges: bytes
Cache-Control: max-age=864000
Connection: keep-alive
Content-Type: image/png
Date: Tue, 10 Sep 2024 06:17:59 GMT
Etag: W/"1707-1723632370000"
Expires: Fri, 20 Sep 2024 06:17:59 GMT
Last-Modified: Wed, 14 Aug 2024 10:46:10 GMT
Server: nginx/1.18.0 (Ubuntu)


[08:17:59.76] Trace: Response 'http://www.advantageonlineshopping.com/services.properties': 
HTTP/1.1 200 
Content-Length: 1010
Accept-Ranges: bytes
Cache-Control: max-age=0
Connection: keep-alive
Date: Tue, 10 Sep 2024 06:17:59 GMT
Etag: W/"1010-1725859608553"
Expires: Tue, 10 Sep 2024 06:17:59 GMT
Last-Modified: Mon, 09 Sep 2024 05:26:48 GMT
Server: nginx/1.18.0 (Ubuntu)


[08:17:59.76] Trace: Response 'http://www.advantageonlineshopping.com/css/images/Banner1.jpg': 
HTTP/1.1 200 
Content-Length: 496378
Accept-Ranges: bytes
Cache-Control: max-age=864000
Connection: keep-alive
Content-Type: image/jpeg
Date: Tue, 10 Sep 2024 06:17:59 GMT
Etag: W/"496378-1723632370000"
Expires: Fri, 20 Sep 2024 06:17:59 GMT
Last-Modified: Wed, 14 Aug 2024 10:46:10 GMT
Server: nginx/1.18.0 (Ubuntu)


[08:17:59.77] Trace: Request [Id: 1.11]: Using existing connection from 192.168.178.50:10733 to 54.227.55.203:80.
[08:17:59.77] Trace: Request [Id: 1.6]: Using existing connection from 192.168.178.50:10732 to 54.227.55.203:80.
[08:17:59.77] Debug: Request [Id: 1.4]: GET 'http://www.advantageonlineshopping.com/main.min.js' done. Status 200 . HTTP/1.1
[08:17:59.77] Trace: Response 'http://www.advantageonlineshopping.com/main.min.js': 
HTTP/1.1 200 
Transfer-Encoding: chunked
Accept-Ranges: bytes
Cache-Control: max-age=600
Connection: keep-alive
Content-Encoding: gzip
Content-Type: application/javascript
Date: Tue, 10 Sep 2024 06:17:59 GMT
Etag: W/"1140595-1723632370000"
Expires: Tue, 10 Sep 2024 06:27:59 GMT
Last-Modified: Wed, 14 Aug 2024 10:46:10 GMT
Server: nginx/1.18.0 (Ubuntu)
Vary: accept-encoding


[08:17:59.86] Debug: Request [Id: 1.17]: GET 'http://www.advantageonlineshopping.com/css/images/twitter.png' done. Status 200 . HTTP/1.1
[08:17:59.86] Trace: Response 'http://www.advantageonlineshopping.com/css/images/twitter.png': 
HTTP/1.1 200 
Content-Length: 2064
Accept-Ranges: bytes
Cache-Control: max-age=864000
Connection: keep-alive
Content-Type: image/png
Date: Tue, 10 Sep 2024 06:17:59 GMT
Etag: W/"2064-1723632370000"
Expires: Fri, 20 Sep 2024 06:17:59 GMT
Last-Modified: Wed, 14 Aug 2024 10:46:10 GMT
Server: nginx/1.18.0 (Ubuntu)


[08:17:59.86] Trace: Request [Id: 1.22]: Using existing connection from 192.168.178.50:10731 to 54.227.55.203:80.
[08:17:59.90] Debug: Request [Id: 1.10]: GET 'http://www.advantageonlineshopping.com/catalog/api/v1/categories' done. Status 200 . HTTP/1.1
[08:17:59.90] Trace: Response 'http://www.advantageonlineshopping.com/catalog/api/v1/categories': 
HTTP/1.1 200 
Transfer-Encoding: chunked
Cache-Control: no-store
Connection: keep-alive
Content-Encoding: gzip
Content-Type: application/json
Date: Tue, 10 Sep 2024 06:17:59 GMT
Expires: 0
Server: nginx/1.18.0 (Ubuntu)
Vary: accept-encoding
X-Content-Type-Options: nosniff
X-Frame-Options: DENY
X-Xss-Protection: 1; mode=block


[08:17:59.90] Trace: Request [Id: 1.14]: Using existing connection from 192.168.178.50:10736 to 54.227.55.203:80.
[08:17:59.97] Debug: Request [Id: 1.22]: GET 'http://www.advantageonlineshopping.com/css/images/Popular-item3.jpg' done. Status 200 . HTTP/1.1
[08:17:59.97] Trace: Response 'http://www.advantageonlineshopping.com/css/images/Popular-item3.jpg': 
HTTP/1.1 200 
Content-Length: 25978
Accept-Ranges: bytes
Cache-Control: max-age=864000
Connection: keep-alive
Content-Type: image/jpeg
Date: Tue, 10 Sep 2024 06:17:59 GMT
Etag: W/"25978-1723632370000"
Expires: Fri, 20 Sep 2024 06:17:59 GMT
Last-Modified: Wed, 14 Aug 2024 10:46:10 GMT
Server: nginx/1.18.0 (Ubuntu)


[08:18:00.00] Debug: Request [Id: 1.14]: GET 'http://www.advantageonlineshopping.com/css/images/Special-offer.jpg' done. Status 200 . HTTP/1.1
[08:18:00.00] Trace: Response 'http://www.advantageonlineshopping.com/css/images/Special-offer.jpg': 
HTTP/1.1 200 
Content-Length: 80826
Accept-Ranges: bytes
Cache-Control: max-age=864000
Connection: keep-alive
Content-Type: image/jpeg
Date: Tue, 10 Sep 2024 06:17:59 GMT
Etag: W/"80826-1723632370000"
Expires: Fri, 20 Sep 2024 06:17:59 GMT
Last-Modified: Wed, 14 Aug 2024 10:46:10 GMT
Server: nginx/1.18.0 (Ubuntu)


[08:18:00.01] Debug: Request [Id: 1.11]: GET 'http://www.advantageonlineshopping.com/catalog/api/v1/deals/search?dealOfTheDay=true' done. Status 200 . HTTP/1.1
[08:18:00.01] Trace: Response 'http://www.advantageonlineshopping.com/catalog/api/v1/deals/search?dealOfTheDay=true': 
HTTP/1.1 200 
Transfer-Encoding: chunked
Cache-Control: no-store
Connection: keep-alive
Content-Encoding: gzip
Content-Type: application/json
Date: Tue, 10 Sep 2024 06:17:59 GMT
Expires: 0
Server: nginx/1.18.0 (Ubuntu)
Vary: accept-encoding
X-Content-Type-Options: nosniff
X-Frame-Options: DENY
X-Xss-Protection: 1; mode=block


[08:18:00.01] Trace: Request [Id: 1.8]: Using existing connection from 192.168.178.50:10733 to 54.227.55.203:80.
[08:18:00.08] Trace: Request [Id: 1.20]: Using existing connection from 192.168.178.50:10731 to 54.227.55.203:80.
[08:18:00.12] Debug: Request [Id: 1.8]: GET 'http://www.advantageonlineshopping.com/css/images/logo.png' done. Status 200 . HTTP/1.1
[08:18:00.12] Trace: Response 'http://www.advantageonlineshopping.com/css/images/logo.png': 
HTTP/1.1 200 
Content-Length: 2645
Accept-Ranges: bytes
Cache-Control: max-age=864000
Connection: keep-alive
Content-Type: image/png
Date: Tue, 10 Sep 2024 06:18:00 GMT
Etag: W/"2645-1723632370000"
Expires: Fri, 20 Sep 2024 06:18:00 GMT
Last-Modified: Wed, 14 Aug 2024 10:46:10 GMT
Server: nginx/1.18.0 (Ubuntu)


[08:18:00.12] Trace: Request [Id: 1.16]: Using existing connection from 192.168.178.50:10733 to 54.227.55.203:80.
[08:18:00.23] Debug: Request [Id: 1.20]: GET 'http://www.advantageonlineshopping.com/css/images/Banner2.jpg' done. Status 200 . HTTP/1.1
[08:18:00.23] Trace: Response 'http://www.advantageonlineshopping.com/css/images/Banner2.jpg': 
HTTP/1.1 200 
Content-Length: 85091
Accept-Ranges: bytes
Cache-Control: max-age=864000
Connection: keep-alive
Content-Type: image/jpeg
Date: Tue, 10 Sep 2024 06:18:00 GMT
Etag: W/"85091-1723632370000"
Expires: Fri, 20 Sep 2024 06:18:00 GMT
Last-Modified: Wed, 14 Aug 2024 10:46:10 GMT
Server: nginx/1.18.0 (Ubuntu)


[08:18:00.23] Debug: Request [Id: 1.16]: GET 'http://www.advantageonlineshopping.com/css/images/facebook.png' done. Status 200 . HTTP/1.1
[08:18:00.23] Trace: Response 'http://www.advantageonlineshopping.com/css/images/facebook.png': 
HTTP/1.1 200 
Content-Length: 1583
Accept-Ranges: bytes
Cache-Control: max-age=864000
Connection: keep-alive
Content-Type: image/png
Date: Tue, 10 Sep 2024 06:18:00 GMT
Etag: W/"1583-1723632370000"
Expires: Fri, 20 Sep 2024 06:18:00 GMT
Last-Modified: Wed, 14 Aug 2024 10:46:10 GMT
Server: nginx/1.18.0 (Ubuntu)


[08:18:00.23] Trace: Request [Id: 1.9]: Using existing connection from 192.168.178.50:10733 to 54.227.55.203:80.
[08:18:00.34] Trace: Request [Id: 1.15]: Using existing connection from 192.168.178.50:10731 to 54.227.55.203:80.
[08:18:00.34] Debug: Request [Id: 1.9]: GET 'http://www.advantageonlineshopping.com/css/images/closeDark.png' done. Status 200 . HTTP/1.1
[08:18:00.34] Trace: Response 'http://www.advantageonlineshopping.com/css/images/closeDark.png': 
HTTP/1.1 200 
Content-Length: 1098
Accept-Ranges: bytes
Cache-Control: max-age=864000
Connection: keep-alive
Content-Type: image/png
Date: Tue, 10 Sep 2024 06:18:00 GMT
Etag: W/"1098-1723632370000"
Expires: Fri, 20 Sep 2024 06:18:00 GMT
Last-Modified: Wed, 14 Aug 2024 10:46:10 GMT
Server: nginx/1.18.0 (Ubuntu)


[08:18:00.34] Trace: Request [Id: 1.1]: Using existing connection from 192.168.178.50:10733 to 54.227.55.203:80.
[08:18:00.36] Debug: Request [Id: 1.6]: GET 'http://www.advantageonlineshopping.com/catalog/api/v1/categories/all_data' done. Status 200 . HTTP/1.1
[08:18:00.36] Trace: Response 'http://www.advantageonlineshopping.com/catalog/api/v1/categories/all_data': 
HTTP/1.1 200 
Transfer-Encoding: chunked
Cache-Control: no-store
Connection: keep-alive
Content-Encoding: gzip
Content-Type: application/json
Date: Tue, 10 Sep 2024 06:18:00 GMT
Expires: 0
Server: nginx/1.18.0 (Ubuntu)
Vary: accept-encoding
X-Content-Type-Options: nosniff
X-Frame-Options: DENY
X-Xss-Protection: 1; mode=block


[08:18:00.36] Trace: Request [Id: 1.13]: Using existing connection from 192.168.178.50:10732 to 54.227.55.203:80.
[08:18:00.47] Debug: Request [Id: 1.15]: GET 'http://www.advantageonlineshopping.com/css/images/chat_logo.png' done. Status 200 . HTTP/1.1
[08:18:00.47] Debug: Request [Id: 1.1]: GET 'http://www.advantageonlineshopping.com/css/main.min.css' done. Status 200 . HTTP/1.1
[08:18:00.47] Trace: Response 'http://www.advantageonlineshopping.com/css/images/chat_logo.png': 
HTTP/1.1 200 
Content-Length: 3003
Accept-Ranges: bytes
Cache-Control: max-age=864000
Connection: keep-alive
Content-Type: image/png
Date: Tue, 10 Sep 2024 06:18:00 GMT
Etag: W/"3003-1723632370000"
Expires: Fri, 20 Sep 2024 06:18:00 GMT
Last-Modified: Wed, 14 Aug 2024 10:46:10 GMT
Server: nginx/1.18.0 (Ubuntu)


[08:18:00.47] Trace: Response 'http://www.advantageonlineshopping.com/css/main.min.css': 
HTTP/1.1 200 
Transfer-Encoding: chunked
Accept-Ranges: bytes
Cache-Control: max-age=36000
Connection: keep-alive
Content-Encoding: gzip
Content-Type: text/css
Date: Tue, 10 Sep 2024 06:18:00 GMT
Etag: W/"170701-1723632370000"
Expires: Tue, 10 Sep 2024 16:18:00 GMT
Last-Modified: Wed, 14 Aug 2024 10:46:10 GMT
Server: nginx/1.18.0 (Ubuntu)
Vary: accept-encoding


[08:18:00.47] Trace: Request [Id: 1.7]: Using existing connection from 192.168.178.50:10731 to 54.227.55.203:80.
[08:18:00.49] Debug: Request [Id: 1.13]: GET 'http://www.advantageonlineshopping.com/css/images/GoUp.png' done. Status 200 . HTTP/1.1
[08:18:00.49] Trace: Response 'http://www.advantageonlineshopping.com/css/images/GoUp.png': 
HTTP/1.1 200 
Content-Length: 2114
Accept-Ranges: bytes
Cache-Control: max-age=864000
Connection: keep-alive
Content-Type: image/png
Date: Tue, 10 Sep 2024 06:18:00 GMT
Etag: W/"2114-1723632370000"
Expires: Fri, 20 Sep 2024 06:18:00 GMT
Last-Modified: Wed, 14 Aug 2024 10:46:10 GMT
Server: nginx/1.18.0 (Ubuntu)


[08:18:00.49] Trace: Request [Id: 1.12]: Using existing connection from 192.168.178.50:10732 to 54.227.55.203:80.
[08:18:00.57] Trace: Request [Id: 1.21]: Using existing connection from 192.168.178.50:10735 to 54.227.55.203:80.
[08:18:00.60] Debug: Request [Id: 1.7]: GET 'http://www.advantageonlineshopping.com/catalog/api/v1/DemoAppConfig/parameters/by_tool/ALL' done. Status 200 . HTTP/1.1
[08:18:00.60] Trace: Response 'http://www.advantageonlineshopping.com/catalog/api/v1/DemoAppConfig/parameters/by_tool/ALL': 
HTTP/1.1 200 
Transfer-Encoding: chunked
Cache-Control: no-store
Connection: keep-alive
Content-Encoding: gzip
Content-Type: application/json
Date: Tue, 10 Sep 2024 06:18:00 GMT
Expires: 0
Server: nginx/1.18.0 (Ubuntu)
Vary: accept-encoding
X-Content-Type-Options: nosniff
X-Frame-Options: DENY
X-Xss-Protection: 1; mode=block


[08:18:00.60] Trace: Request [Id: 1.3]: Using existing connection from 192.168.178.50:10731 to 54.227.55.203:80.
[08:18:00.62] Trace: Request [Id: 1.24]: Using existing connection from 192.168.178.50:10733 to 54.227.55.203:80.
[08:18:00.63] Debug: Request [Id: 1.12]: GET 'http://www.advantageonlineshopping.com/css/images/arrow_right.png' done. Status 200 . HTTP/1.1
[08:18:00.63] Trace: Response 'http://www.advantageonlineshopping.com/css/images/arrow_right.png': 
HTTP/1.1 200 
Content-Length: 996
Accept-Ranges: bytes
Cache-Control: max-age=864000
Connection: keep-alive
Content-Type: image/png
Date: Tue, 10 Sep 2024 06:18:00 GMT
Etag: W/"996-1723632370000"
Expires: Fri, 20 Sep 2024 06:18:00 GMT
Last-Modified: Wed, 14 Aug 2024 10:46:10 GMT
Server: nginx/1.18.0 (Ubuntu)


[08:18:00.63] Trace: Request [Id: 1.23]: Using existing connection from 192.168.178.50:10732 to 54.227.55.203:80.
[08:18:00.68] Debug: Request [Id: 1.21]: GET 'http://www.advantageonlineshopping.com/css/images/Banner3.jpg' done. Status 200 . HTTP/1.1
[08:18:00.68] Trace: Response 'http://www.advantageonlineshopping.com/css/images/Banner3.jpg': 
HTTP/1.1 200 
Content-Length: 68456
Accept-Ranges: bytes
Cache-Control: max-age=864000
Connection: keep-alive
Content-Type: image/jpeg
Date: Tue, 10 Sep 2024 06:18:00 GMT
Etag: W/"68456-1723632370000"
Expires: Fri, 20 Sep 2024 06:18:00 GMT
Last-Modified: Wed, 14 Aug 2024 10:46:10 GMT
Server: nginx/1.18.0 (Ubuntu)


[08:18:00.71] Debug: Request [Id: 1.3]: GET 'http://www.advantageonlineshopping.com/vendor/requirejs/require.js' done. Status 200 . HTTP/1.1
[08:18:00.71] Trace: Response 'http://www.advantageonlineshopping.com/vendor/requirejs/require.js': 
HTTP/1.1 200 
Transfer-Encoding: chunked
Accept-Ranges: bytes
Cache-Control: max-age=600
Connection: keep-alive
Content-Encoding: gzip
Content-Type: application/javascript
Date: Tue, 10 Sep 2024 06:18:00 GMT
Etag: W/"85921-1675769644000"
Expires: Tue, 10 Sep 2024 06:28:00 GMT
Last-Modified: Tue, 07 Feb 2023 11:34:04 GMT
Server: nginx/1.18.0 (Ubuntu)
Vary: accept-encoding


[08:18:00.72] Debug: Request [Id: 1.24]: GET 'http://www.advantageonlineshopping.com/css/images/Popular-item1.jpg' done. Status 200 . HTTP/1.1
[08:18:00.72] Trace: Response 'http://www.advantageonlineshopping.com/css/images/Popular-item1.jpg': 
HTTP/1.1 200 
Content-Length: 42737
Accept-Ranges: bytes
Cache-Control: max-age=864000
Connection: keep-alive
Content-Type: image/jpeg
Date: Tue, 10 Sep 2024 06:18:00 GMT
Etag: W/"42737-1723632370000"
Expires: Fri, 20 Sep 2024 06:18:00 GMT
Last-Modified: Wed, 14 Aug 2024 10:46:10 GMT
Server: nginx/1.18.0 (Ubuntu)


[08:18:00.74] Debug: Request [Id: 1.23]: GET 'http://www.advantageonlineshopping.com/css/images/Popular-item2.jpg' done. Status 200 . HTTP/1.1
[08:18:00.74] Trace: Response 'http://www.advantageonlineshopping.com/css/images/Popular-item2.jpg': 
HTTP/1.1 200 
Content-Length: 28087
Accept-Ranges: bytes
Cache-Control: max-age=864000
Connection: keep-alive
Content-Type: image/jpeg
Date: Tue, 10 Sep 2024 06:18:00 GMT
Etag: W/"28087-1723632370000"
Expires: Fri, 20 Sep 2024 06:18:00 GMT
Last-Modified: Wed, 14 Aug 2024 10:46:10 GMT
Server: nginx/1.18.0 (Ubuntu)


[08:18:00.93] Info: WebRequest [Id: 1] 'https://www.advantageonlineshopping.com/' completed. (25 request(s) sent, 1195877 bytes downloaded)	(./main.js:59:8)
[08:18:00.94] Info: WebRequest [Id: 2] 'https://www.advantageonlineshopping.com/accountservice/ws/GetAccountConfigurationRequest' registered to send (sync).	(./main.js:81:8)
[08:18:00.94] Trace: Request [Id: 2] 'https://www.advantageonlineshopping.com/accountservice/ws/GetAccountConfigurationRequest': 
POST /accountservice/ws/GetAccountConfigurationRequest HTTP/1.1
Host: www.advantageonlineshopping.com
User-Agent: Mozilla/5.0 (Windows NT 6.1; Win64; x64) AppleWebKit/537.36 (KHTML, like Gecko) Chrome/63.0.3239.132 Safari/537.36
Content-Length: 413
Accept: application/xml, text/xml, */*; q=0.01
Accept-Encoding: gzip, deflate
Accept-Language: en-US,en;q=0.9
Content-Type: text/xml; charset=UTF-8
Origin: http://www.advantageonlineshopping.com
Referer: http://www.advantageonlineshopping.com/
Soapaction: com.advantage.online.store.accountserviceGetAccountConfigurationRequest
X-Requested-With: XMLHttpRequest

<?xml version="1.0" encoding="UTF-8"?>
<soap:Envelope xmlns:soap="http://schemas.xmlsoap.org/soap/envelope/"
               xmlns:xsd="http://www.w3.org/2001/XMLSchema" xmlns:xsi="http://www.w3.org/2001/XMLSchema-instance">
    <soap:Body>
        <GetAccountConfigurationRequest
                xmlns="com.advantage.online.store.accountservice"></GetAccountConfigurationRequest>
    </soap:Body>
</soap:Envelope>
[08:18:00.94] Debug: Request [Id: 2]: POST 'https://www.advantageonlineshopping.com/accountservice/ws/GetAccountConfigurationRequest' started.
[08:18:00.94] Trace: Request [Id: 2]: Using existing connection from 192.168.178.50:10729 to 54.227.55.203:443.
[08:18:01.07] Debug: Request [Id: 2]: POST 'https://www.advantageonlineshopping.com/accountservice/ws/GetAccountConfigurationRequest' done. Status 200 OK. HTTP/2.0
[08:18:01.07] Trace: Response 'https://www.advantageonlineshopping.com/accountservice/ws/GetAccountConfigurationRequest': 
HTTP/2.0 200 OK
Content-Length: 823
Accept: text/xml, text/html, image/gif, image/jpeg, *; q=.2, */*; q=.2
Access-Control-Allow-Headers: Origin, X-Requested-With, Content-Type, Accept, Key, soapaction
Access-Control-Allow-Methods: POST, GET, OPTIONS, DELETE
Access-Control-Allow-Origin: *
Access-Control-Max-Age: 3600
Access-Control-Request-Method: POST, GET, OPTIONS, DELETE
Cache-Control: no-store
Content-Type: text/xml;charset=utf-8
Date: Tue, 10 Sep 2024 06:18:01 GMT
Expires: 0
Pragma: no-cache
Server: nginx/1.18.0 (Ubuntu)
Soapaction: ""
Strict-Transport-Security: max-age=31536000; includeSubDomains; preload
X-Content-Type-Options: nosniff
X-Frame-Options: DENY
X-Xss-Protection: 1; mode=block


[08:18:01.07] Info: WebRequest [Id: 2] 'https://www.advantageonlineshopping.com/accountservice/ws/GetAccountConfigurationRequest' completed. (1 request(s) sent, 1548 bytes downloaded)	(./main.js:81:8)
[08:18:01.08] Info: WebRequest [Id: 3] 'https://www.advantageonlineshopping.com/app/tempFiles/popularProducts.json' registered to send (sync).	(./main.js:91:8)
[08:18:01.08] Trace: Request [Id: 3] 'https://www.advantageonlineshopping.com/app/tempFiles/popularProducts.json': 
GET /app/tempFiles/popularProducts.json HTTP/1.1
Host: www.advantageonlineshopping.com
User-Agent: Mozilla/5.0 (Windows NT 6.1; Win64; x64) AppleWebKit/537.36 (KHTML, like Gecko) Chrome/63.0.3239.132 Safari/537.36
Accept: application/json, text/plain, */*
Accept-Encoding: gzip, deflate
Accept-Language: en-US,en;q=0.9
Referer: http://www.advantageonlineshopping.com/


[08:18:01.08] Debug: Request [Id: 3]: GET 'https://www.advantageonlineshopping.com/app/tempFiles/popularProducts.json' started.
[08:18:01.08] Trace: Request [Id: 3]: Using existing connection from 192.168.178.50:10729 to 54.227.55.203:443.
[08:18:01.19] Debug: Request [Id: 3]: GET 'https://www.advantageonlineshopping.com/app/tempFiles/popularProducts.json' done. Status 200 OK. HTTP/2.0
[08:18:01.19] Trace: Response 'https://www.advantageonlineshopping.com/app/tempFiles/popularProducts.json': 
HTTP/2.0 200 OK
Connection: close
Accept-Ranges: bytes
Cache-Control: max-age=0
Content-Encoding: gzip
Content-Type: application/json
Date: Tue, 10 Sep 2024 06:18:01 GMT
Etag: W/"2323-1723632370000"
Expires: Tue, 10 Sep 2024 06:18:01 GMT
Last-Modified: Wed, 14 Aug 2024 10:46:10 GMT
Server: nginx/1.18.0 (Ubuntu)
Strict-Transport-Security: max-age=31536000; includeSubDomains; preload
Vary: accept-encoding


[08:18:01.19] Info: WebRequest [Id: 3] 'https://www.advantageonlineshopping.com/app/tempFiles/popularProducts.json' completed. (1 request(s) sent, 922 bytes downloaded)	(./main.js:91:8)
[08:18:01.19] Info: WebRequest [Id: 4] 'http://www.advantageonlineshopping.com/app/views/home-page.html' registered to send (sync).	(./main.js:101:8)
[08:18:01.19] Trace: Request [Id: 4] 'http://www.advantageonlineshopping.com/app/views/home-page.html': 
GET /app/views/home-page.html HTTP/1.1
Host: www.advantageonlineshopping.com
User-Agent: Mozilla/5.0 (Windows NT 6.1; Win64; x64) AppleWebKit/537.36 (KHTML, like Gecko) Chrome/63.0.3239.132 Safari/537.36
Accept: text/html
Accept-Encoding: gzip, deflate
Accept-Language: en-US,en;q=0.9
Referer: http://www.advantageonlineshopping.com/


[08:18:01.19] Debug: Request [Id: 4]: GET 'http://www.advantageonlineshopping.com/app/views/home-page.html' started.
[08:18:01.19] Trace: Request [Id: 4]: Using existing connection from 192.168.178.50:10736 to 54.227.55.203:80.
[08:18:01.30] Debug: Request [Id: 4]: GET 'http://www.advantageonlineshopping.com/app/views/home-page.html' done. Status 200 . HTTP/1.1
[08:18:01.30] Trace: Response 'http://www.advantageonlineshopping.com/app/views/home-page.html': 
HTTP/1.1 200 
Transfer-Encoding: chunked
Accept-Ranges: bytes
Cache-Control: max-age=0
Connection: keep-alive
Content-Encoding: gzip
Content-Type: text/html
Date: Tue, 10 Sep 2024 06:18:01 GMT
Etag: W/"12499-1723632370000"
Expires: Tue, 10 Sep 2024 06:18:01 GMT
Last-Modified: Wed, 14 Aug 2024 10:46:10 GMT
Server: nginx/1.18.0 (Ubuntu)
Vary: accept-encoding


[08:18:01.30] Info: WebRequest [Id: 4] 'http://www.advantageonlineshopping.com/app/views/home-page.html' completed. (1 request(s) sent, 2617 bytes downloaded)	(./main.js:101:8)
[08:18:01.30] Info: Transaction 'AOS_landing_page' ended with 'Passed' status (Duration: 2336 ms, ThinkTime: 0 ms).	(./main.js:103:9)
[08:18:01.31] Info: Sleeping for 2.841s.	(./main.js:105:10)
[08:18:04.17] Info: Transaction 'AOS_login' started.	(./main.js:107:9)
[08:18:04.17] Debug: Parameter userPWD (same as userID) is taken from row 1
[08:18:04.17] Debug: Parameter Substitution: 'userPWD = Mercury'	(./main.js:127:42)
[08:18:04.17] Debug: Parameter userID (sequential) is taken from row 1
[08:18:04.17] Debug: Parameter Substitution: 'userID = Mercury'	(./main.js:128:38)
[08:18:04.17] Info: WebRequest [Id: 5] 'https://www.advantageonlineshopping.com/accountservice/ws/AccountLoginRequest' registered to send (sync).	(./main.js:142:8)
[08:18:04.17] Trace: Request [Id: 5] 'https://www.advantageonlineshopping.com/accountservice/ws/AccountLoginRequest': 
POST /accountservice/ws/AccountLoginRequest HTTP/1.1
Host: www.advantageonlineshopping.com
User-Agent: Mozilla/5.0 (Windows NT 6.1; Win64; x64) AppleWebKit/537.36 (KHTML, like Gecko) Chrome/63.0.3239.132 Safari/537.36
Content-Length: 530
Accept: application/xml, text/xml, */*; q=0.01
Accept-Encoding: gzip, deflate
Accept-Language: en-US,en;q=0.9
Content-Type: text/xml; charset=UTF-8
Origin: http://www.advantageonlineshopping.com
Referer: http://www.advantageonlineshopping.com/
Soapaction: com.advantage.online.store.accountserviceAccountLoginRequest
X-Requested-With: XMLHttpRequest

<?xml version="1.0" encoding="UTF-8"?>
<soap:Envelope xmlns:soap="http://schemas.xmlsoap.org/soap/envelope/"
               xmlns:xsd="http://www.w3.org/2001/XMLSchema" xmlns:xsi="http://www.w3.org/2001/XMLSchema-instance">
    <soap:Body>
        <AccountLoginRequest xmlns="com.advantage.online.store.accountservice">
            <email></email>
            <loginPassword>Mercury</loginPassword>
            <loginUser>Mercury</loginUser>
                </AccountLoginRequest>
            </soap:Body>
        </soap:Envelope>
[08:18:04.17] Debug: Request [Id: 5]: POST 'https://www.advantageonlineshopping.com/accountservice/ws/AccountLoginRequest' started.
[08:18:04.17] Trace: Request [Id: 5]: Using existing connection from 192.168.178.50:10729 to 54.227.55.203:443.
[08:18:04.33] Debug: Request [Id: 5]: POST 'https://www.advantageonlineshopping.com/accountservice/ws/AccountLoginRequest' done. Status 200 OK. HTTP/2.0
[08:18:04.33] Trace: Response 'https://www.advantageonlineshopping.com/accountservice/ws/AccountLoginRequest': 
HTTP/2.0 200 OK
Content-Length: 789
Accept: text/xml, text/html, image/gif, image/jpeg, *; q=.2, */*; q=.2
Access-Control-Allow-Headers: Origin, X-Requested-With, Content-Type, Accept, Key, soapaction
Access-Control-Allow-Methods: POST, GET, OPTIONS, DELETE
Access-Control-Allow-Origin: *
Access-Control-Max-Age: 3600
Access-Control-Request-Method: POST, GET, OPTIONS, DELETE
Cache-Control: no-store
Content-Type: text/xml;charset=utf-8
Date: Tue, 10 Sep 2024 06:18:04 GMT
Expires: 0
Pragma: no-cache
Server: nginx/1.18.0 (Ubuntu)
Soapaction: ""
Strict-Transport-Security: max-age=31536000; includeSubDomains; preload
X-Content-Type-Options: nosniff
X-Frame-Options: DENY
X-Xss-Protection: 1; mode=block


[08:18:04.33] Info: WebRequest [Id: 5] 'https://www.advantageonlineshopping.com/accountservice/ws/AccountLoginRequest' completed. (1 request(s) sent, 1514 bytes downloaded)	(./main.js:142:8)
[08:18:04.33] Trace: 'https://www.advantageonlineshopping.com/accountservice/ws/AccountLoginRequest' response body: <SOAP-ENV:Envelope xmlns:SOAP-ENV="http://schemas.xmlsoap.org/soap/envelope/"><SOAP-ENV:Header/><SOAP-ENV:Body><ns2:AccountLoginResponse xmlns:ns2="com.advantage.online.store.accountservice"><ns2:StatusMessage><ns2:success>true</ns2:success><ns2:userId>696277725</ns2:userId><ns2:reason>Login Successful</ns2:reason><ns2:token>eyJ0eXAiOiJKV1QiLCJhbGciOiJIUzI1NiJ9.eyJpc3MiOiJ3d3cuYWR2YW50YWdlb25saW5lc2hvcHBpbmcuY29tIiwidXNlcklkIjo2OTYyNzc3MjUsInN1YiI6Ik1lcmN1cnkiLCJyb2xlIjoiQURNSU4ifQ.mH2MM4UFa6VucJWxfITYPPx1idtKqhXAvT8UTzdGppo</ns2:token><ns2:sessionId>191da950266@7E89A6124^i%696277725</ns2:sessionId><ns2:t_authorization>TWVyY3VyeTpNZXJjdXJ5</ns2:t_authorization><ns2:accountType>10</ns2:accountType></ns2:StatusMessage></ns2:AccountLoginResponse></SOAP-ENV:Body></SOAP-ENV:Envelope>
[08:18:04.33] Debug: Saving parameter 'userId = 696277725'	(./main.js:142:8)
[08:18:04.33] Debug: Saving parameter 'authKey = TWVyY3VyeTpNZXJjdXJ5'	(./main.js:142:8)
[08:18:04.33] Debug: Saving parameter 'isLoginSuccess = true'	(./main.js:142:8)
[08:18:04.33] Debug: Applying extractor 'isLoginSuccess = true'	(./main.js:146:34)
[08:18:04.33] Debug: Applying extractor 'userId = 696277725'	(./main.js:149:104)
[08:18:04.33] Debug: Applying extractor 'authKey = TWVyY3VyeTpNZXJjdXJ5'	(./main.js:153:68)
[08:18:04.33] Info: WebRequest [Id: 6] 'http://www.advantageonlineshopping.com/order/api/v1/carts/696277725' registered to send (sync).	(./main.js:156:12)
[08:18:04.33] Trace: Request [Id: 6] 'http://www.advantageonlineshopping.com/order/api/v1/carts/696277725': 
GET /order/api/v1/carts/696277725 HTTP/1.1
Host: www.advantageonlineshopping.com
User-Agent: Mozilla/5.0 (Windows NT 6.1; Win64; x64) AppleWebKit/537.36 (KHTML, like Gecko) Chrome/63.0.3239.132 Safari/537.36
Accept: application/json, text/plain, */*
Accept-Encoding: gzip, deflate
Accept-Language: en-US,en;q=0.9
Authorization: Basic TWVyY3VyeTpNZXJjdXJ5
Referer: http://www.advantageonlineshopping.com/


[08:18:04.33] Debug: Request [Id: 6]: GET 'http://www.advantageonlineshopping.com/order/api/v1/carts/696277725' started.
[08:18:04.33] Trace: Request [Id: 6]: Using existing connection from 192.168.178.50:10736 to 54.227.55.203:80.
[08:18:04.92] Debug: Request [Id: 6]: GET 'http://www.advantageonlineshopping.com/order/api/v1/carts/696277725' done. Status 200 . HTTP/1.1
[08:18:04.92] Trace: Response 'http://www.advantageonlineshopping.com/order/api/v1/carts/696277725': 
HTTP/1.1 200 
Transfer-Encoding: chunked
Cache-Control: no-store
Connection: keep-alive
Content-Encoding: gzip
Content-Type: application/json
Date: Tue, 10 Sep 2024 06:18:04 GMT
Expires: 0
Server: nginx/1.18.0 (Ubuntu)
Set-Cookie: JSESSIONID=72DB4CA2DC6DD56D3361A9A2B2ED485C; Path=/order; HttpOnly
Vary: accept-encoding
X-Content-Type-Options: nosniff
X-Frame-Options: DENY
X-Xss-Protection: 1; mode=block


[08:18:04.92] Info: WebRequest [Id: 6] 'http://www.advantageonlineshopping.com/order/api/v1/carts/696277725' completed. (1 request(s) sent, 765 bytes downloaded)	(./main.js:156:12)
[08:18:04.92] Debug: Parameter userID (sequential) is taken from row 1
[08:18:04.92] Debug: Parameter Substitution: 'userID = Mercury'	(./main.js:158:52)
[08:18:04.92] Debug: Parameter userPWD (same as userID) is taken from row 1
[08:18:04.92] Debug: Parameter Substitution: 'userPWD = Mercury'	(./main.js:158:76)
[08:18:04.93] Info: Login passed for: [Mercury : Mercury]	(./main.js:158:14)
[08:18:04.93] Info: Transaction 'AOS_login' ended with 'Passed' status (Duration: 761 ms, ThinkTime: 0 ms).	(./main.js:159:13)
[08:18:04.93] Info: Sleeping for 3.215s.	(./main.js:166:10)
[08:18:08.17] Info: Transaction 'AOS_logout' started.	(./main.js:168:9)
[08:18:08.17] Debug: Applying extractor 'userId = 696277725'	(./main.js:187:51)
[08:18:08.17] Debug: Applying extractor 'authKey = TWVyY3VyeTpNZXJjdXJ5'	(./main.js:188:59)
[08:18:08.17] Info: WebRequest [Id: 7] 'https://www.advantageonlineshopping.com/accountservice/ws/AccountLogoutRequest' registered to send (sync).	(./main.js:196:8)
[08:18:08.17] Trace: Request [Id: 7] 'https://www.advantageonlineshopping.com/accountservice/ws/AccountLogoutRequest': 
POST /accountservice/ws/AccountLogoutRequest HTTP/1.1
Host: www.advantageonlineshopping.com
User-Agent: Mozilla/5.0 (Windows NT 6.1; Win64; x64) AppleWebKit/537.36 (KHTML, like Gecko) Chrome/63.0.3239.132 Safari/537.36
Content-Length: 497
Accept: application/xml, text/xml, */*; q=0.01
Accept-Encoding: gzip, deflate
Accept-Language: en-US,en;q=0.9
Content-Type: text/xml; charset=UTF-8
Origin: http://www.advantageonlineshopping.com
Referer: http://www.advantageonlineshopping.com/
Soapaction: com.advantage.online.store.accountserviceAccountLogoutRequest
X-Requested-With: XMLHttpRequest

<?xml version="1.0" encoding="UTF-8"?>
<soap:Envelope xmlns:soap="http://schemas.xmlsoap.org/soap/envelope/"
               xmlns:xsd="http://www.w3.org/2001/XMLSchema" xmlns:xsi="http://www.w3.org/2001/XMLSchema-instance">
    <soap:Body>
        <AccountLogoutRequest xmlns="com.advantage.online.store.accountservice">
            <loginUser>696277725</loginUser>
            <base64Token>Basic TWVyY3VyeTpNZXJjdXJ5</base64Token>
        </AccountLogoutRequest>
    </soap:Body>
</soap:Envelope>
[08:18:08.17] Debug: Request [Id: 7]: POST 'https://www.advantageonlineshopping.com/accountservice/ws/AccountLogoutRequest' started.
[08:18:08.17] Trace: Request [Id: 7]: Using existing connection from 192.168.178.50:10729 to 54.227.55.203:443.
[08:18:08.34] Debug: Request [Id: 7]: POST 'https://www.advantageonlineshopping.com/accountservice/ws/AccountLogoutRequest' done. Status 200 OK. HTTP/2.0
[08:18:08.34] Trace: Response 'https://www.advantageonlineshopping.com/accountservice/ws/AccountLogoutRequest': 
HTTP/2.0 200 OK
Content-Length: 402
Accept: text/xml, text/html, image/gif, image/jpeg, *; q=.2, */*; q=.2
Access-Control-Allow-Headers: Origin, X-Requested-With, Content-Type, Accept, Key, soapaction
Access-Control-Allow-Methods: POST, GET, OPTIONS, DELETE
Access-Control-Allow-Origin: *
Access-Control-Max-Age: 3600
Access-Control-Request-Method: POST, GET, OPTIONS, DELETE
Cache-Control: no-store
Content-Type: text/xml;charset=utf-8
Date: Tue, 10 Sep 2024 06:18:08 GMT
Expires: 0
Pragma: no-cache
Server: nginx/1.18.0 (Ubuntu)
Soapaction: ""
Strict-Transport-Security: max-age=31536000; includeSubDomains; preload
X-Content-Type-Options: nosniff
X-Frame-Options: DENY
X-Xss-Protection: 1; mode=block


[08:18:08.34] Info: WebRequest [Id: 7] 'https://www.advantageonlineshopping.com/accountservice/ws/AccountLogoutRequest' completed. (1 request(s) sent, 1127 bytes downloaded)	(./main.js:196:8)
[08:18:08.34] Debug: Saving parameter 'isLogoutSuccess = true'	(./main.js:196:8)
[08:18:08.35] Debug: Applying extractor 'isLogoutSuccess = true'	(./main.js:199:35)
[08:18:08.35] Info: Transaction 'AOS_logout' ended with 'Passed' status (Duration: 179 ms, ThinkTime: 0 ms).	(./main.js:200:13)
[08:18:08.35] Info: Ending iteration 1.
[08:18:08.35] Info: Starting finalize.
[08:18:08.36] Info: Ending finalize.
